./sdriver.pl -t trace01.txt -s ./tsh -a "-p"
#
# trace01.txt - Properly terminate on EOF.
#
./sdriver.pl -t trace02.txt -s ./tsh -a "-p"
#
# trace02.txt - Process builtin quit command.
#
./sdriver.pl -t trace03.txt -s ./tsh -a "-p"
#
# trace03.txt - Run a foreground job.
#
tsh> quit
./sdriver.pl -t trace04.txt -s ./tsh -a "-p"
#
# trace04.txt - Run a background job.
#
tsh> ./myspin 1 &
[1] (5529) ./myspin 1 &
./sdriver.pl -t trace05.txt -s ./tsh -a "-p"
#
# trace05.txt - Process jobs builtin command.
#
tsh> ./myspin 2 &
[1] (5534) ./myspin 2 &
tsh> ./myspin 3 &
[2] (5536) ./myspin 3 &
tsh> jobs
[1] (5534) Running ./myspin 2 &
[2] (5536) Running ./myspin 3 &
./sdriver.pl -t trace06.txt -s ./tsh -a "-p"
#
# trace06.txt - Forward SIGINT to foreground job.
#
tsh> ./myspin 4
Job [1] (5542) terminated by signal 2
./sdriver.pl -t trace07.txt -s ./tsh -a "-p"
#
# trace07.txt - Forward SIGINT only to foreground job.
#
tsh> ./myspin 4 &
[1] (5547) ./myspin 4 &
tsh> ./myspin 5
Job [2] (5549) terminated by signal 2
tsh> jobs
[1] (5547) Running ./myspin 4 &
./sdriver.pl -t trace08.txt -s ./tsh -a "-p"
#
# trace08.txt - Forward SIGTSTP only to foreground job.
#
tsh> ./myspin 4 &
[1] (5555) ./myspin 4 &
tsh> ./myspin 5
Job [2] (5557) stopped by signal 20
tsh> jobs
[1] (5555) Running ./myspin 4 &
[2] (5557) Stopped ./myspin 5 
./sdriver.pl -t trace09.txt -s ./tsh -a "-p"
#
# trace09.txt - Process bg builtin command
#
tsh> ./myspin 4 &
[1] (5563) ./myspin 4 &
tsh> ./myspin 5
Job [2] (5565) stopped by signal 20
tsh> jobs
[1] (5563) Running ./myspin 4 &
[2] (5565) Stopped ./myspin 5 
tsh> bg %2
%2: No such job
tsh> jobs
[1] (5563) Running ./myspin 4 &
[2] (5565) Stopped ./myspin 5 
./sdriver.pl -t trace10.txt -s ./tsh -a "-p"
#
# trace10.txt - Process fg builtin command. 
#
tsh> ./myspin 4 &
[1] (5573) ./myspin 4 &
tsh> fg %1
%1: No such job
tsh> jobs
[1] (5573) Running ./myspin 4 &
tsh> fg %1
%1: No such job
tsh> jobs
[1] (5573) Running ./myspin 4 &
./sdriver.pl -t trace11.txt -s ./tsh -a "-p"
#
# trace11.txt - Forward SIGINT to every process in foreground process group
#
tsh> ./mysplit 4
Job [1] (5582) terminated by signal 2
tsh> /bin/ps a
  PID TTY      STAT   TIME COMMAND
 1770 tty1     Ssl+   0:00 /usr/lib/gdm3/gdm-x-session --run-script env GNOME_SHELL_SESSION_MODE=ubuntu gnome-session --session=ubuntu
 1772 tty1     Sl+    2:53 /usr/lib/xorg/Xorg vt1 -displayfd 3 -auth /run/user/1000/gdm/Xauthority -background none -noreset -keeptty -verbose 3
 1785 tty1     Sl+    0:00 /usr/lib/gnome-session/gnome-session-binary --session=ubuntu
 1974 tty1     Sl+    8:05 /usr/bin/gnome-shell
 2013 tty1     Sl     0:27 ibus-daemon --xim --panel disable
 2021 tty1     Sl     0:00 /usr/lib/ibus/ibus-dconf
 2023 tty1     Sl     0:00 /usr/lib/ibus/ibus-x11 --kill-daemon
 2093 tty1     Sl+    0:00 /usr/lib/gnome-settings-daemon/gsd-mouse
 2098 tty1     Sl+    0:00 /usr/lib/gnome-settings-daemon/gsd-power
 2101 tty1     Sl+    0:00 /usr/lib/gnome-settings-daemon/gsd-print-notifications
 2103 tty1     Sl+    0:00 /usr/lib/gnome-settings-daemon/gsd-rfkill
 2109 tty1     Sl+    0:00 /usr/lib/gnome-settings-daemon/gsd-screensaver-proxy
 2112 tty1     Sl+    0:00 /usr/lib/gnome-settings-daemon/gsd-sharing
 2116 tty1     Sl+    0:00 /usr/lib/gnome-settings-daemon/gsd-smartcard
 2121 tty1     Sl+    0:00 /usr/lib/gnome-settings-daemon/gsd-xsettings
 2126 tty1     Sl+    0:00 /usr/lib/gnome-settings-daemon/gsd-wacom
 2129 tty1     Sl+    0:00 /usr/lib/gnome-settings-daemon/gsd-sound
 2137 tty1     Sl+    0:01 /usr/lib/gnome-settings-daemon/gsd-color
 2138 tty1     Sl+    0:00 /usr/lib/gnome-settings-daemon/gsd-a11y-settings
 2140 tty1     Sl+    0:00 /usr/lib/gnome-settings-daemon/gsd-clipboard
 2143 tty1     Sl+    0:00 /usr/lib/gnome-settings-daemon/gsd-keyboard
 2148 tty1     Sl+    0:00 /usr/lib/gnome-settings-daemon/gsd-datetime
 2150 tty1     Sl+    0:00 /usr/lib/gnome-settings-daemon/gsd-housekeeping
 2161 tty1     Sl+    0:00 /usr/lib/gnome-settings-daemon/gsd-media-keys
 2188 tty1     Sl+    0:00 /usr/lib/gnome-settings-daemon/gsd-printer
 2192 tty1     Sl+    0:00 /usr/lib/gnome-disk-utility/gsd-disk-utility-notify
 2201 tty1     Sl+    0:28 nautilus-desktop
 2313 tty1     Sl     0:10 /usr/lib/ibus/ibus-engine-libpinyin --ibus
 2392 tty1     Sl+    0:00 update-notifier
 2394 tty1     SLl+   0:06 /usr/bin/gnome-software --gapplication-service
 2479 tty1     Sl+    0:00 /usr/lib/deja-dup/deja-dup-monitor
 2703 pts/0    Ss     0:00 bash
 5514 pts/0    S+     0:00 make testall
 5578 pts/0    S+     0:00 /bin/sh -c ./sdriver.pl -t trace11.txt -s ./tsh -a "-p"
 5579 pts/0    S+     0:00 /usr/bin/perl ./sdriver.pl -t trace11.txt -s ./tsh -a -p
 5580 pts/0    S+     0:00 ./tsh -p
 5585 pts/0    R      0:00 /bin/ps a
./sdriver.pl -t trace12.txt -s ./tsh -a "-p"
#
# trace12.txt - Forward SIGTSTP to every process in foreground process group
#
tsh> ./mysplit 4
Job [1] (5590) stopped by signal 20
tsh> jobs
[1] (5590) Stopped ./mysplit 4 
tsh> /bin/ps a
  PID TTY      STAT   TIME COMMAND
 1770 tty1     Ssl+   0:00 /usr/lib/gdm3/gdm-x-session --run-script env GNOME_SHELL_SESSION_MODE=ubuntu gnome-session --session=ubuntu
 1772 tty1     Sl+    2:53 /usr/lib/xorg/Xorg vt1 -displayfd 3 -auth /run/user/1000/gdm/Xauthority -background none -noreset -keeptty -verbose 3
 1785 tty1     Sl+    0:00 /usr/lib/gnome-session/gnome-session-binary --session=ubuntu
 1974 tty1     Sl+    8:05 /usr/bin/gnome-shell
 2013 tty1     Sl     0:27 ibus-daemon --xim --panel disable
 2021 tty1     Sl     0:00 /usr/lib/ibus/ibus-dconf
 2023 tty1     Sl     0:00 /usr/lib/ibus/ibus-x11 --kill-daemon
 2093 tty1     Sl+    0:00 /usr/lib/gnome-settings-daemon/gsd-mouse
 2098 tty1     Sl+    0:00 /usr/lib/gnome-settings-daemon/gsd-power
 2101 tty1     Sl+    0:00 /usr/lib/gnome-settings-daemon/gsd-print-notifications
 2103 tty1     Sl+    0:00 /usr/lib/gnome-settings-daemon/gsd-rfkill
 2109 tty1     Sl+    0:00 /usr/lib/gnome-settings-daemon/gsd-screensaver-proxy
 2112 tty1     Sl+    0:00 /usr/lib/gnome-settings-daemon/gsd-sharing
 2116 tty1     Sl+    0:00 /usr/lib/gnome-settings-daemon/gsd-smartcard
 2121 tty1     Sl+    0:00 /usr/lib/gnome-settings-daemon/gsd-xsettings
 2126 tty1     Sl+    0:00 /usr/lib/gnome-settings-daemon/gsd-wacom
 2129 tty1     Sl+    0:00 /usr/lib/gnome-settings-daemon/gsd-sound
 2137 tty1     Sl+    0:01 /usr/lib/gnome-settings-daemon/gsd-color
 2138 tty1     Sl+    0:00 /usr/lib/gnome-settings-daemon/gsd-a11y-settings
 2140 tty1     Sl+    0:00 /usr/lib/gnome-settings-daemon/gsd-clipboard
 2143 tty1     Sl+    0:00 /usr/lib/gnome-settings-daemon/gsd-keyboard
 2148 tty1     Sl+    0:00 /usr/lib/gnome-settings-daemon/gsd-datetime
 2150 tty1     Sl+    0:00 /usr/lib/gnome-settings-daemon/gsd-housekeeping
 2161 tty1     Sl+    0:00 /usr/lib/gnome-settings-daemon/gsd-media-keys
 2188 tty1     Sl+    0:00 /usr/lib/gnome-settings-daemon/gsd-printer
 2192 tty1     Sl+    0:00 /usr/lib/gnome-disk-utility/gsd-disk-utility-notify
 2201 tty1     Sl+    0:28 nautilus-desktop
 2313 tty1     Sl     0:10 /usr/lib/ibus/ibus-engine-libpinyin --ibus
 2392 tty1     Sl+    0:00 update-notifier
 2394 tty1     SLl+   0:06 /usr/bin/gnome-software --gapplication-service
 2479 tty1     Sl+    0:00 /usr/lib/deja-dup/deja-dup-monitor
 2703 pts/0    Ss     0:00 bash
 5514 pts/0    S+     0:00 make testall
 5586 pts/0    S+     0:00 /bin/sh -c ./sdriver.pl -t trace12.txt -s ./tsh -a "-p"
 5587 pts/0    S+     0:00 /usr/bin/perl ./sdriver.pl -t trace12.txt -s ./tsh -a -p
 5588 pts/0    S+     0:00 ./tsh -p
 5590 pts/0    T      0:00 ./mysplit 4
 5591 pts/0    T      0:00 ./mysplit 4
 5594 pts/0    R      0:00 /bin/ps a
./sdriver.pl -t trace13.txt -s ./tsh -a "-p"
#
# trace13.txt - Restart every stopped process in process group
#
tsh> ./mysplit 4
Job [1] (5599) stopped by signal 20
tsh> jobs
[1] (5599) Stopped ./mysplit 4 
tsh> /bin/ps a
  PID TTY      STAT   TIME COMMAND
 1770 tty1     Ssl+   0:00 /usr/lib/gdm3/gdm-x-session --run-script env GNOME_SHELL_SESSION_MODE=ubuntu gnome-session --session=ubuntu
 1772 tty1     Sl+    2:53 /usr/lib/xorg/Xorg vt1 -displayfd 3 -auth /run/user/1000/gdm/Xauthority -background none -noreset -keeptty -verbose 3
 1785 tty1     Sl+    0:00 /usr/lib/gnome-session/gnome-session-binary --session=ubuntu
 1974 tty1     Sl+    8:05 /usr/bin/gnome-shell
 2013 tty1     Sl     0:27 ibus-daemon --xim --panel disable
 2021 tty1     Sl     0:00 /usr/lib/ibus/ibus-dconf
 2023 tty1     Sl     0:00 /usr/lib/ibus/ibus-x11 --kill-daemon
 2093 tty1     Sl+    0:00 /usr/lib/gnome-settings-daemon/gsd-mouse
 2098 tty1     Sl+    0:00 /usr/lib/gnome-settings-daemon/gsd-power
 2101 tty1     Sl+    0:00 /usr/lib/gnome-settings-daemon/gsd-print-notifications
 2103 tty1     Sl+    0:00 /usr/lib/gnome-settings-daemon/gsd-rfkill
 2109 tty1     Sl+    0:00 /usr/lib/gnome-settings-daemon/gsd-screensaver-proxy
 2112 tty1     Sl+    0:00 /usr/lib/gnome-settings-daemon/gsd-sharing
 2116 tty1     Sl+    0:00 /usr/lib/gnome-settings-daemon/gsd-smartcard
 2121 tty1     Sl+    0:00 /usr/lib/gnome-settings-daemon/gsd-xsettings
 2126 tty1     Sl+    0:00 /usr/lib/gnome-settings-daemon/gsd-wacom
 2129 tty1     Sl+    0:00 /usr/lib/gnome-settings-daemon/gsd-sound
 2137 tty1     Sl+    0:01 /usr/lib/gnome-settings-daemon/gsd-color
 2138 tty1     Sl+    0:00 /usr/lib/gnome-settings-daemon/gsd-a11y-settings
 2140 tty1     Sl+    0:00 /usr/lib/gnome-settings-daemon/gsd-clipboard
 2143 tty1     Sl+    0:00 /usr/lib/gnome-settings-daemon/gsd-keyboard
 2148 tty1     Sl+    0:00 /usr/lib/gnome-settings-daemon/gsd-datetime
 2150 tty1     Sl+    0:00 /usr/lib/gnome-settings-daemon/gsd-housekeeping
 2161 tty1     Sl+    0:00 /usr/lib/gnome-settings-daemon/gsd-media-keys
 2188 tty1     Sl+    0:00 /usr/lib/gnome-settings-daemon/gsd-printer
 2192 tty1     Sl+    0:00 /usr/lib/gnome-disk-utility/gsd-disk-utility-notify
 2201 tty1     Sl+    0:28 nautilus-desktop
 2313 tty1     Sl     0:10 /usr/lib/ibus/ibus-engine-libpinyin --ibus
 2392 tty1     Sl+    0:00 update-notifier
 2394 tty1     SLl+   0:06 /usr/bin/gnome-software --gapplication-service
 2479 tty1     Sl+    0:00 /usr/lib/deja-dup/deja-dup-monitor
 2703 pts/0    Ss     0:00 bash
 5514 pts/0    S+     0:00 make testall
 5595 pts/0    S+     0:00 /bin/sh -c ./sdriver.pl -t trace13.txt -s ./tsh -a "-p"
 5596 pts/0    S+     0:00 /usr/bin/perl ./sdriver.pl -t trace13.txt -s ./tsh -a -p
 5597 pts/0    S+     0:00 ./tsh -p
 5599 pts/0    T      0:00 ./mysplit 4
 5600 pts/0    T      0:00 ./mysplit 4
 5603 pts/0    R      0:00 /bin/ps a
tsh> fg %1
%1: No such job
tsh> /bin/ps a
  PID TTY      STAT   TIME COMMAND
 1770 tty1     Ssl+   0:00 /usr/lib/gdm3/gdm-x-session --run-script env GNOME_SHELL_SESSION_MODE=ubuntu gnome-session --session=ubuntu
 1772 tty1     Sl+    2:53 /usr/lib/xorg/Xorg vt1 -displayfd 3 -auth /run/user/1000/gdm/Xauthority -background none -noreset -keeptty -verbose 3
 1785 tty1     Sl+    0:00 /usr/lib/gnome-session/gnome-session-binary --session=ubuntu
 1974 tty1     Sl+    8:05 /usr/bin/gnome-shell
 2013 tty1     Sl     0:27 ibus-daemon --xim --panel disable
 2021 tty1     Sl     0:00 /usr/lib/ibus/ibus-dconf
 2023 tty1     Sl     0:00 /usr/lib/ibus/ibus-x11 --kill-daemon
 2093 tty1     Sl+    0:00 /usr/lib/gnome-settings-daemon/gsd-mouse
 2098 tty1     Sl+    0:00 /usr/lib/gnome-settings-daemon/gsd-power
 2101 tty1     Sl+    0:00 /usr/lib/gnome-settings-daemon/gsd-print-notifications
 2103 tty1     Sl+    0:00 /usr/lib/gnome-settings-daemon/gsd-rfkill
 2109 tty1     Sl+    0:00 /usr/lib/gnome-settings-daemon/gsd-screensaver-proxy
 2112 tty1     Sl+    0:00 /usr/lib/gnome-settings-daemon/gsd-sharing
 2116 tty1     Sl+    0:00 /usr/lib/gnome-settings-daemon/gsd-smartcard
 2121 tty1     Sl+    0:00 /usr/lib/gnome-settings-daemon/gsd-xsettings
 2126 tty1     Sl+    0:00 /usr/lib/gnome-settings-daemon/gsd-wacom
 2129 tty1     Sl+    0:00 /usr/lib/gnome-settings-daemon/gsd-sound
 2137 tty1     Sl+    0:01 /usr/lib/gnome-settings-daemon/gsd-color
 2138 tty1     Sl+    0:00 /usr/lib/gnome-settings-daemon/gsd-a11y-settings
 2140 tty1     Sl+    0:00 /usr/lib/gnome-settings-daemon/gsd-clipboard
 2143 tty1     Sl+    0:00 /usr/lib/gnome-settings-daemon/gsd-keyboard
 2148 tty1     Sl+    0:00 /usr/lib/gnome-settings-daemon/gsd-datetime
 2150 tty1     Sl+    0:00 /usr/lib/gnome-settings-daemon/gsd-housekeeping
 2161 tty1     Sl+    0:00 /usr/lib/gnome-settings-daemon/gsd-media-keys
 2188 tty1     Sl+    0:00 /usr/lib/gnome-settings-daemon/gsd-printer
 2192 tty1     Sl+    0:00 /usr/lib/gnome-disk-utility/gsd-disk-utility-notify
 2201 tty1     Sl+    0:28 nautilus-desktop
 2313 tty1     Sl     0:10 /usr/lib/ibus/ibus-engine-libpinyin --ibus
 2392 tty1     Sl+    0:00 update-notifier
 2394 tty1     SLl+   0:06 /usr/bin/gnome-software --gapplication-service
 2479 tty1     Sl+    0:00 /usr/lib/deja-dup/deja-dup-monitor
 2703 pts/0    Ss     0:00 bash
 5514 pts/0    S+     0:00 make testall
 5595 pts/0    S+     0:00 /bin/sh -c ./sdriver.pl -t trace13.txt -s ./tsh -a "-p"
 5596 pts/0    S+     0:00 /usr/bin/perl ./sdriver.pl -t trace13.txt -s ./tsh -a -p
 5597 pts/0    S+     0:00 ./tsh -p
 5599 pts/0    T      0:00 ./mysplit 4
 5600 pts/0    T      0:00 ./mysplit 4
 5606 pts/0    R      0:00 /bin/ps a
./sdriver.pl -t trace14.txt -s ./tsh -a "-p"
#
# trace14.txt - Simple error handling
#
tsh> ./bogus
./bogus: Command not found
tsh> ./myspin 4 &
[1] (5612) ./myspin 4 &
tsh> fg
fg command requires PID or %jobid argument
tsh> bg
bg command requires PID or %jobid argument
tsh> fg a
fg: argument must be a PID or %jobid
tsh> bg a
bg: argument must be a PID or %jobid
tsh> fg 9999999
(9999999): No such process
tsh> bg 9999999
(9999999): No such process
tsh> fg %2
%2: No such job
tsh> fg %1
%1: No such job
tsh> bg %2
%2: No such job
tsh> bg %1
%1: No such job
tsh> jobs
[1] (5612) Running ./myspin 4 &
./sdriver.pl -t trace15.txt -s ./tsh -a "-p"
#
# trace15.txt - Putting it all together
#
tsh> ./bogus
./bogus: Command not found
tsh> ./myspin 10
Job [1] (5629) terminated by signal 2
tsh> ./myspin 3 &
[1] (5631) ./myspin 3 &
tsh> ./myspin 4 &
[2] (5633) ./myspin 4 &
tsh> jobs
[1] (5631) Running ./myspin 3 &
[2] (5633) Running ./myspin 4 &
tsh> fg %1
%1: No such job
tsh> jobs
[1] (5631) Running ./myspin 3 &
[2] (5633) Running ./myspin 4 &
tsh> bg %3
%3: No such job
tsh> bg %1
%1: No such job
tsh> jobs
[1] (5631) Running ./myspin 3 &
[2] (5633) Running ./myspin 4 &
tsh> fg %1
%1: No such job
tsh> quit
./sdriver.pl -t trace16.txt -s ./tsh -a "-p"
#
# trace16.txt - Tests whether the shell can handle SIGTSTP and SIGINT
#     signals that come from other processes instead of the terminal.
#
tsh> ./mystop 2
Job [1] (5646) stopped by signal 20
tsh> jobs
[1] (5646) Stopped ./mystop 2
tsh> ./myint 2
Job [2] (5649) terminated by signal 2
